<?xml version="1.0" encoding="UTF-8"?>
<!-- Generated by org.testng.reporters.JUnitXMLReporter -->
<testsuite hostname="LAPTOP-HC" ignored="0" name="HCAutoTest" tests="3" failures="0" timestamp="29 九月 2022 08:01:55 GMT" time="24.278" errors="0">
  <testcase name="test01" time="8.504" classname="com.myselenium.test.SeleniumOne"/>
  <testcase name="test02" time="1.017" classname="com.myselenium.test.SeleniumOne"/>
  <testcase name="test03" time="4.51" classname="com.myselenium.test.SeleniumOne"/>
</testsuite> <!-- HCAutoTest -->
